<?xml version="1.0" encoding="UTF-8"?>
<!-- Generated by org.testng.reporters.JUnitReportReporter -->
<testsuite hostname="V25CD115K2V8" failures="0" tests="1" name="com.vijay.practise.Percentile" time="6428.068" errors="0" timestamp="2024-04-08T12:35:27 IST" skipped="0">
  <testcase classname="com.vijay.practise.Percentile" name="Percentile_practice" time="6428.068"/>
</testsuite> <!-- com.vijay.practise.Percentile -->
