<?xml version="1.0" encoding="UTF-8"?>
<!-- Generated by org.testng.reporters.JUnitReportReporter -->
<testsuite hostname="V25CD115K2V8" failures="0" tests="1" name="com.vijay.practise.RestAssuredPOSTrequest" time="1.599" errors="0" timestamp="2024-04-14T19:52:35 IST" skipped="0">
  <testcase classname="com.vijay.practise.RestAssuredPOSTrequest" name="addproductusingJsonobject" time="1.599"/>
</testsuite> <!-- com.vijay.practise.RestAssuredPOSTrequest -->
