<?xml version="1.0" encoding="UTF-8"?>
<!-- Generated by org.testng.reporters.JUnitReportReporter -->
<testsuite hostname="V25CD115K2V8" failures="0" tests="1" name="com.vijay.practise.Addition" time="0.007" errors="0" timestamp="2024-04-07T13:26:47 IST" skipped="0">
  <testcase classname="com.vijay.practise.Addition" name="adition_Program" time="0.007"/>
</testsuite> <!-- com.vijay.practise.Addition -->
