<?xml version="1.0" encoding="UTF-8"?>
<!-- Generated by org.testng.reporters.JUnitReportReporter -->
<testsuite hostname="V25CD115K2V8" failures="0" tests="2" name="com.vijay.practise.Division" time="8539.299" errors="0" timestamp="2024-04-08T12:55:25 IST" skipped="0">
  <testcase classname="com.vijay.practise.Division" name="Division_practice" time="7323.092"/>
  <testcase classname="com.vijay.practise.Division" name="percentile" time="1216.207"/>
</testsuite> <!-- com.vijay.practise.Division -->
