<?xml version="1.0" encoding="UTF-8"?>
<!-- Generated by org.testng.reporters.JUnitReportReporter -->
<testsuite hostname="V25CD115K2V8" failures="0" tests="1" name="com.vijay.practise.Forloopexample" time="0.015" errors="0" timestamp="2024-04-08T18:32:02 IST" skipped="0">
  <testcase classname="com.vijay.practise.Forloopexample" name="forloop_example" time="0.015"/>
</testsuite> <!-- com.vijay.practise.Forloopexample -->
