<?xml version="1.0" encoding="UTF-8"?>
<!-- Generated by org.testng.reporters.JUnitReportReporter -->
<testsuite hostname="V25CD115K2V8" failures="0" tests="1" name="com.vijay.practise.Subration" time="0.014" errors="0" timestamp="2024-04-07T13:27:47 IST" skipped="0">
  <testcase classname="com.vijay.practise.Subration" name="Subration_programme" time="0.014"/>
</testsuite> <!-- com.vijay.practise.Subration -->
