<?xml version="1.0" encoding="UTF-8"?>
<!-- Generated by org.testng.reporters.JUnitReportReporter -->
<testsuite hostname="V25CD115K2V8" failures="0" tests="1" name="com.vijay.practise.RestAPItestexample" time="2.520" errors="0" timestamp="2024-04-13T21:22:28 IST" skipped="0">
  <testcase classname="com.vijay.practise.RestAPItestexample" name="Restassured_Practice1" time="2.520"/>
</testsuite> <!-- com.vijay.practise.RestAPItestexample -->
