<?xml version="1.0" encoding="UTF-8"?>
<!-- Generated by org.testng.reporters.JUnitReportReporter -->
<testsuite hostname="V25CD115K2V8" failures="0" tests="1" name="com.vijay.practise.Nestedif" time="0.005" errors="0" timestamp="2024-04-08T11:52:31 IST" skipped="0">
  <testcase classname="com.vijay.practise.Nestedif" name="nestedif_practice" time="0.005"/>
</testsuite> <!-- com.vijay.practise.Nestedif -->
