<?xml version="1.0" encoding="UTF-8"?>
<!-- Generated by org.testng.reporters.JUnitReportReporter -->
<testsuite hostname="V25CD115K2V8" failures="0" tests="1" name="com.vijay.practise.RestAssuredtest" time="2.543" errors="0" timestamp="2024-04-14T12:38:05 IST" skipped="0">
  <testcase classname="com.vijay.practise.RestAssuredtest" name="Readjsonresponseandvalidatedata" time="2.543"/>
</testsuite> <!-- com.vijay.practise.RestAssuredtest -->
