<?xml version="1.0" encoding="UTF-8"?>
<!-- Generated by org.testng.reporters.JUnitReportReporter -->
<testsuite hostname="V25CD115K2V8" failures="0" tests="1" name="com.vijay.practise.Multiplication" time="0.006" errors="0" timestamp="2024-04-07T13:39:07 IST" skipped="0">
  <testcase classname="com.vijay.practise.Multiplication" name="Multiplication_practice" time="0.006"/>
</testsuite> <!-- com.vijay.practise.Multiplication -->
