<?xml version="1.0" encoding="UTF-8"?>
<!-- Generated by org.testng.reporters.JUnitReportReporter -->
<testsuite hostname="V25CD115K2V8" failures="0" tests="1" name="com.vijay.practise.Switchexample" time="0.020" errors="0" timestamp="2024-04-10T13:03:55 IST" skipped="0">
  <testcase classname="com.vijay.practise.Switchexample" name="switchexample_practice2" time="0.020"/>
</testsuite> <!-- com.vijay.practise.Switchexample -->
